\BOOKMARK [0][-]{chapter.1}{Introduction}{}% 1
\BOOKMARK [1][-]{section.1.1}{Background}{chapter.1}% 2
\BOOKMARK [1][-]{section.1.2}{Motivation}{chapter.1}% 3
\BOOKMARK [1][-]{section.1.3}{Proposed Approach}{chapter.1}% 4
\BOOKMARK [1][-]{section.1.4}{Structure of Thesis}{chapter.1}% 5
\BOOKMARK [0][-]{chapter.2}{Data Collection \046 Processing}{}% 6
\BOOKMARK [1][-]{section.2.1}{RescueTime}{chapter.2}% 7
\BOOKMARK [1][-]{section.2.2}{Data Processing}{chapter.2}% 8
\BOOKMARK [2][-]{subsection.2.2.1}{Categories vs applications/websites}{section.2.2}% 9
\BOOKMARK [2][-]{subsection.2.2.2}{Cleaning the data}{section.2.2}% 10
\BOOKMARK [3][-]{subsubsection.2.2.2.1}{Reducing dimensionality}{subsection.2.2.2}% 11
\BOOKMARK [3][-]{subsubsection.2.2.2.2}{Grouping timestamps}{subsection.2.2.2}% 12
\BOOKMARK [3][-]{subsubsection.2.2.2.3}{Missing data}{subsection.2.2.2}% 13
\BOOKMARK [0][-]{chapter.3}{Background}{}% 14
\BOOKMARK [1][-]{section.3.1}{Supervised and Unsupervised learning}{chapter.3}% 15
\BOOKMARK [1][-]{section.3.2}{Neural Networks}{chapter.3}% 16
\BOOKMARK [1][-]{section.3.3}{Recurrent neural networks}{chapter.3}% 17
\BOOKMARK [1][-]{section.3.4}{Convolutional Neural Networks}{chapter.3}% 18
\BOOKMARK [0][-]{chapter.4}{Variational Autoencoder}{}% 19
\BOOKMARK [1][-]{section.4.1}{Introducing the problem}{chapter.4}% 20
\BOOKMARK [1][-]{section.4.2}{Generative Models Overview}{chapter.4}% 21
\BOOKMARK [1][-]{section.4.3}{Variational Autoencoder}{chapter.4}% 22
\BOOKMARK [2][-]{subsection.4.3.1}{Autoencoder}{section.4.3}% 23
\BOOKMARK [1][-]{section.4.4}{Variational Autoencoders}{chapter.4}% 24
\BOOKMARK [2][-]{subsection.4.4.1}{Intuition}{section.4.4}% 25
\BOOKMARK [2][-]{subsection.4.4.2}{Theory}{section.4.4}% 26
\BOOKMARK [1][-]{section.4.5}{Implementation \046 Results}{chapter.4}% 27
\BOOKMARK [2][-]{subsection.4.5.1}{PCA Results}{section.4.5}% 28
\BOOKMARK [2][-]{subsection.4.5.2}{VAE Encoder Results}{section.4.5}% 29
\BOOKMARK [3][-]{subsubsection.4.5.2.1}{Size of latent space}{subsection.4.5.2}% 30
\BOOKMARK [3][-]{subsubsection.4.5.2.2}{Datapoints lack sufficient information}{subsection.4.5.2}% 31
\BOOKMARK [1][-]{section.4.6}{Conditional Variational Autoencoder}{chapter.4}% 32
\BOOKMARK [2][-]{subsection.4.6.1}{Theory}{section.4.6}% 33
\BOOKMARK [2][-]{subsection.4.6.2}{Intuition}{section.4.6}% 34
\BOOKMARK [2][-]{subsection.4.6.3}{Condition on Time \046 Day}{section.4.6}% 35
\BOOKMARK [2][-]{subsection.4.6.4}{Condition on Previous Activity}{section.4.6}% 36
\BOOKMARK [1][-]{section.4.7}{Sampling for Prediction}{chapter.4}% 37
\BOOKMARK [0][-]{chapter.5}{Predictive Models}{}% 38
\BOOKMARK [1][-]{section.5.1}{Introducing the problem}{chapter.5}% 39
\BOOKMARK [1][-]{section.5.2}{Sequential models}{chapter.5}% 40
\BOOKMARK [1][-]{section.5.3}{Results \046 discussion}{chapter.5}% 41
\BOOKMARK [2][-]{subsection.5.3.1}{LSTM}{section.5.3}% 42
\BOOKMARK [3][-]{subsubsection.5.3.1.1}{Choice of hyperparameters}{subsection.5.3.1}% 43
\BOOKMARK [2][-]{subsection.5.3.2}{CNN}{section.5.3}% 44
\BOOKMARK [3][-]{subsubsection.5.3.2.1}{Choice of hyperparameters}{subsection.5.3.2}% 45
\BOOKMARK [2][-]{subsection.5.3.3}{LSTM conditioned on Time \046 Day}{section.5.3}% 46
\BOOKMARK [3][-]{subsubsection.5.3.3.1}{Choice of hyperparameters}{subsection.5.3.3}% 47
\BOOKMARK [2][-]{subsection.5.3.4}{CNN condition on Time \046 Day}{section.5.3}% 48
\BOOKMARK [3][-]{subsubsection.5.3.4.1}{Choice of hyperparameters}{subsection.5.3.4}% 49
\BOOKMARK [0][-]{chapter.6}{Results \046 Discussion}{}% 50
\BOOKMARK [0][-]{chapter.7}{Conclusions}{}% 51
